<?xml version="1.0" encoding="UTF-8"?>
<!-- Generated by org.testng.reporters.JUnitReportReporter -->
<testsuite hostname="DESKTOP-I209VPP" failures="0" tests="1" name="Food.LaunchPizzahut" time="34.976" errors="0" timestamp="2024-05-21T08:40:47 IST" skipped="0">
  <testcase classname="Food.LaunchPizzahut" name="pizza" time="34.976"/>
  <system-out/>
</testsuite> <!-- Food.LaunchPizzahut -->
