<?xml version="1.0" encoding="UTF-8"?>
<!-- Generated by org.testng.reporters.JUnitReportReporter -->
<testsuite hostname="DESKTOP-I209VPP" failures="0" tests="1" name="Ecom.DemoFunctional" time="16.784" errors="0" timestamp="2024-05-21T09:01:33 IST" skipped="0">
  <testcase classname="Ecom.DemoFunctional" name="click" time="16.784"/>
  <system-out/>
</testsuite> <!-- Ecom.DemoFunctional -->
