<?xml version="1.0" encoding="UTF-8"?>
<!-- Generated by org.testng.reporters.JUnitReportReporter -->
<testsuite hostname="DESKTOP-I209VPP" failures="0" tests="1" name="Beauty.LaunchNykaa_Test" time="21.360" errors="0" timestamp="2024-05-22T08:20:20 IST" skipped="0">
  <testcase classname="Beauty.LaunchNykaa_Test" name="nyka" time="21.360"/>
  <system-out/>
</testsuite> <!-- Beauty.LaunchNykaa_Test -->
