<?xml version="1.0" encoding="UTF-8"?>
<!-- Generated by org.testng.reporters.JUnitReportReporter -->
<testsuite hostname="DESKTOP-I209VPP" failures="0" tests="1" name="Food.LaunchSwiggy" time="36.423" errors="0" timestamp="2024-05-21T08:40:46 IST" skipped="0">
  <testcase classname="Food.LaunchSwiggy" name="swiggy" time="36.423"/>
  <system-out/>
</testsuite> <!-- Food.LaunchSwiggy -->
