<?xml version="1.0" encoding="UTF-8"?>
<!-- Generated by org.testng.reporters.JUnitReportReporter -->
<testsuite hostname="DESKTOP-I209VPP" failures="0" tests="1" name="Ecom.DemoEndToEnd" time="41.211" errors="0" timestamp="2024-05-21T17:38:32 IST" skipped="0">
  <testcase classname="Ecom.DemoEndToEnd" name="order" time="41.211"/>
  <system-out/>
</testsuite> <!-- Ecom.DemoEndToEnd -->
