<?xml version="1.0" encoding="UTF-8"?>
<!-- Generated by org.testng.reporters.JUnitReportReporter -->
<testsuite hostname="DESKTOP-I209VPP" failures="0" tests="1" name="Ecom.DemoEndToEnd_Test" time="48.662" errors="0" timestamp="2024-05-22T08:43:28 IST" skipped="0">
  <testcase classname="Ecom.DemoEndToEnd_Test" name="order" time="48.662"/>
  <system-out/>
</testsuite> <!-- Ecom.DemoEndToEnd_Test -->
