<?xml version="1.0" encoding="UTF-8"?>
<!-- Generated by org.testng.reporters.JUnitReportReporter -->
<testsuite hostname="DESKTOP-I209VPP" failures="0" tests="1" name="ExtendsReport.Script1" time="28.049" errors="0" timestamp="2024-05-25T08:23:02 IST" skipped="0">
  <testcase classname="ExtendsReport.Script1" name="launch" time="28.049"/>
  <system-out/>
</testsuite> <!-- ExtendsReport.Script1 -->
