<?xml version="1.0" encoding="UTF-8"?>
<!-- Generated by org.testng.reporters.JUnitReportReporter -->
<testsuite hostname="DESKTOP-I209VPP" failures="0" tests="1" name="Beauty.LaunchNykaa" time="38.599" errors="0" timestamp="2024-05-21T08:23:18 IST" skipped="0">
  <testcase classname="Beauty.LaunchNykaa" name="nyka" time="38.599"/>
  <system-out/>
</testsuite> <!-- Beauty.LaunchNykaa -->
