<?xml version="1.0" encoding="UTF-8"?>
<!-- Generated by org.testng.reporters.JUnitReportReporter -->
<testsuite hostname="DESKTOP-I209VPP" failures="0" tests="1" name="Food.LaunchZomato" time="32.228" errors="0" timestamp="2024-05-21T08:40:49 IST" skipped="0">
  <testcase classname="Food.LaunchZomato" name="zomato" time="32.228"/>
  <system-out/>
</testsuite> <!-- Food.LaunchZomato -->
