<?xml version="1.0" encoding="UTF-8"?>
<!-- Generated by org.testng.reporters.JUnitReportReporter -->
<testsuite hostname="DESKTOP-I209VPP" failures="0" tests="1" name="ExtendsReport.Script2" time="18.149" errors="0" timestamp="2024-05-25T09:08:53 IST" skipped="0">
  <testcase classname="ExtendsReport.Script2" name="script2" time="18.149"/>
  <system-out/>
</testsuite> <!-- ExtendsReport.Script2 -->
