<?xml version="1.0" encoding="UTF-8"?>
<!-- Generated by org.testng.reporters.JUnitReportReporter -->
<testsuite hostname="DESKTOP-I209VPP" failures="0" tests="1" name="Beauty.LaunchSugar" time="52.063" errors="0" timestamp="2024-05-21T08:29:57 IST" skipped="0">
  <testcase classname="Beauty.LaunchSugar" name="sugar" time="52.063"/>
  <system-out/>
</testsuite> <!-- Beauty.LaunchSugar -->
