<?xml version="1.0" encoding="UTF-8"?>
<!-- Generated by org.testng.reporters.JUnitReportReporter -->
<testsuite hostname="DESKTOP-I209VPP" failures="0" tests="1" name="Beauty.LaunchLakme" time="17.998" errors="0" timestamp="2024-05-21T08:33:27 IST" skipped="0">
  <testcase classname="Beauty.LaunchLakme" name="lakmee" time="17.998"/>
  <system-out/>
</testsuite> <!-- Beauty.LaunchLakme -->
