<?xml version="1.0" encoding="UTF-8"?>
<!-- Generated by org.testng.reporters.JUnitReportReporter -->
<testsuite hostname="DESKTOP-I209VPP" failures="0" tests="1" name="Ecom.Demo" time="13.401" errors="0" timestamp="2024-05-21T08:55:21 IST" skipped="0">
  <testcase classname="Ecom.Demo" name="search" time="13.401"/>
  <system-out/>
</testsuite> <!-- Ecom.Demo -->
